Args:
--> platform: CPU
--> device_id: 0
--> device_num: 1
--> is_save_on_master: 1
--> rank: 0
--> group_size: 1
--> model: ResNet
--> init_type: normal
--> init_gain: 0.02
--> image_size: 256
--> batch_size: 1
--> pool_size: 0
--> beta1: 0.5
--> lr: 0.0002
--> lr_policy: linear
--> max_epoch: 200
--> n_epochs: 100
--> CUT_mode: CUT
--> lambda_GAN: 1.0
--> lambda_NCE: 1.0
--> nce_idt: False
--> nce_layers: 0,4,8,12,16
--> G_layers: 16
--> netF: mlp_sample
--> netF_nc: 256
--> nce_T: 0.07
--> num_patches: 256
--> flip_equivariance: False
--> in_planes: 3
--> ngf: 64
--> gl_num: 9
--> ndf: 64
--> dl_num: 3
--> slope: 0.2
--> norm_mode: instance
--> lambda_A: 10.0
--> lambda_B: 10.0
--> lambda_idt: 0.5
--> gan_mode: lsgan
--> pad_mode: CONSTANT
--> data_url: ./data/haze2clear
--> data_dir: SOTS_gt
--> train_url: ./outputs/SOTS
--> load_ckpt: False
--> G_A_ckpt: ./outputs/outdoor/ckpt/G_A_200.ckpt
--> G_B_ckpt: ./outputs/outdoor/ckpt/G_B_200.ckpt
--> D_A_ckpt: ./outputs/outdoor/ckpt/D_A_200.ckpt
--> D_B_ckpt: ./outputs/outdoor/ckpt/D_B_200.ckpt
--> save_checkpoint_epochs: 10
--> print_iter: 100
--> need_profiler: False
--> save_graphs: False
--> save_imgs: True
--> use_random: True
--> need_dropout: False
--> max_dataset_size: inf
--> export_batch_size: 1
--> export_file_name: SinGAN-Dehaze
--> export_file_format: AIR
--> n_epochs_decay: 100
--> phase: predict
--> dataset_size: 62

==========start predict gt_process===============
save gt at ./outputs/SOTS\gt
total 62 imgs cost 3545.78 ms, per img cost 57.19
==========end predict gt_process===============

